<?xml version="1.0" encoding="UTF-8"?>
<robot generator="Robot 3.2.2 (Python 3.8.5 on win32)" generated="20220526 22:15:50.325" rpa="false">
<suite id="s1" name="15 Kegiatan" source="D:\pyCharmProject\pmrms-testing\Features\15_Kegiatan.robot">
<test id="s1-t1" name="Menu Kegiatan">
<kw name="Scenario 1: Login with username valid and password valid">
<kw name="Given Login page is open" library="login">
<kw name="Open Browser" library="browser">
<kw name="Start Testcase Headless" library="browser">
<kw name="Evaluate" library="BuiltIn">
<doc>Evaluates the given expression in Python and returns the result.</doc>
<arguments>
<arg>sys.modules['selenium.webdriver'].ChromeOptions()</arg>
</arguments>
<assign>
<var>${options}</var>
</assign>
<msg timestamp="20220526 22:15:50.546" level="INFO">${options} = &lt;selenium.webdriver.chrome.options.Options object at 0x047EBB08&gt;</msg>
<status status="PASS" starttime="20220526 22:15:50.546" endtime="20220526 22:15:50.546"></status>
</kw>
<kw name="Call Method" library="BuiltIn">
<doc>Calls the named method of the given object with the provided arguments.</doc>
<arguments>
<arg>${options}</arg>
<arg>add_argument</arg>
<arg>--ignore-certificate-errors</arg>
</arguments>
<status status="PASS" starttime="20220526 22:15:50.546" endtime="20220526 22:15:50.546"></status>
</kw>
<kw name="Call Method" library="BuiltIn">
<doc>Calls the named method of the given object with the provided arguments.</doc>
<arguments>
<arg>${options}</arg>
<arg>add_argument</arg>
<arg>--ignore-ssl-errors</arg>
</arguments>
<status status="PASS" starttime="20220526 22:15:50.546" endtime="20220526 22:15:50.547"></status>
</kw>
<kw name="Call Method" library="BuiltIn">
<doc>Calls the named method of the given object with the provided arguments.</doc>
<arguments>
<arg>${options}</arg>
<arg>add_argument</arg>
<arg>--disable-notifications</arg>
</arguments>
<status status="PASS" starttime="20220526 22:15:50.547" endtime="20220526 22:15:50.547"></status>
</kw>
<kw name="Call Method" library="BuiltIn">
<doc>Calls the named method of the given object with the provided arguments.</doc>
<arguments>
<arg>${options}</arg>
<arg>add_argument</arg>
<arg>--no-sandbox</arg>
</arguments>
<status status="PASS" starttime="20220526 22:15:50.547" endtime="20220526 22:15:50.547"></status>
</kw>
<kw name="Call Method" library="BuiltIn">
<doc>Calls the named method of the given object with the provided arguments.</doc>
<arguments>
<arg>${options}</arg>
<arg>add_argument</arg>
<arg>--disable-gpu</arg>
</arguments>
<status status="PASS" starttime="20220526 22:15:50.547" endtime="20220526 22:15:50.547"></status>
</kw>
<kw name="Call Method" library="BuiltIn">
<doc>Calls the named method of the given object with the provided arguments.</doc>
<arguments>
<arg>${options}</arg>
<arg>add_argument</arg>
<arg>--window-size\=1366,768</arg>
</arguments>
<status status="PASS" starttime="20220526 22:15:50.548" endtime="20220526 22:15:50.548"></status>
</kw>
<kw name="Call Method" library="BuiltIn">
<doc>Calls the named method of the given object with the provided arguments.</doc>
<arguments>
<arg>${options}</arg>
<arg>add_argument</arg>
<arg>--disable-dev-shm-usage</arg>
</arguments>
<status status="PASS" starttime="20220526 22:15:50.548" endtime="20220526 22:15:50.548"></status>
</kw>
<kw name="Create Webdriver" library="SeleniumLibrary">
<doc>Creates an instance of Selenium WebDriver.</doc>
<arguments>
<arg>Chrome</arg>
<arg>chrome_options=${options}</arg>
</arguments>
<msg timestamp="20220526 22:15:50.548" level="INFO">Creating an instance of the Chrome WebDriver.</msg>
<status status="PASS" starttime="20220526 22:15:50.548" endtime="20220526 22:15:51.703"></status>
</kw>
<status status="PASS" starttime="20220526 22:15:50.545" endtime="20220526 22:15:51.703"></status>
</kw>
<kw name="Go To" library="SeleniumLibrary">
<doc>Navigates the active browser instance to the provided ``url``.</doc>
<arguments>
<arg>${chrome_browser}</arg>
</arguments>
<msg timestamp="20220526 22:15:51.704" level="INFO">Opening url 'http://pmrms.greatpmo.com/admin/login'</msg>
<status status="PASS" starttime="20220526 22:15:51.703" endtime="20220526 22:16:24.037"></status>
</kw>
<status status="PASS" starttime="20220526 22:15:50.545" endtime="20220526 22:16:24.038"></status>
</kw>
<status status="PASS" starttime="20220526 22:15:50.545" endtime="20220526 22:16:24.038"></status>
</kw>
<kw name="And Input Username Consultant" library="login">
<kw name="Input Text" library="SeleniumLibrary">
<doc>Types the given ``text`` into text field identified by ``locator``.</doc>
<arguments>
<arg>${username}</arg>
<arg>farmanizhar@madrasah.kemenag.go.id</arg>
</arguments>
<msg timestamp="20220526 22:16:24.040" level="INFO">Typing text 'farmanizhar@madrasah.kemenag.go.id' into text field '//input[@id='email']'.</msg>
<status status="PASS" starttime="20220526 22:16:24.040" endtime="20220526 22:16:24.153"></status>
</kw>
<status status="PASS" starttime="20220526 22:16:24.038" endtime="20220526 22:16:24.153"></status>
</kw>
<kw name="And Input Valid Password" library="login">
<kw name="Input Text" library="SeleniumLibrary">
<doc>Types the given ``text`` into text field identified by ``locator``.</doc>
<arguments>
<arg>${pwd}</arg>
<arg>${adm_pwd}</arg>
</arguments>
<msg timestamp="20220526 22:16:24.154" level="INFO">Typing text 'User@madrasah2022' into text field '//input[@type='password']'.</msg>
<status status="PASS" starttime="20220526 22:16:24.154" endtime="20220526 22:16:24.241"></status>
</kw>
<status status="PASS" starttime="20220526 22:16:24.153" endtime="20220526 22:16:24.241"></status>
</kw>
<kw name="When Click button submit" library="login">
<kw name="Execute Javascript" library="SeleniumLibrary">
<doc>Executes the given JavaScript code with possible arguments.</doc>
<arguments>
<arg>document.evaluate("${btnSubmit}",</arg>
<arg>document, null, XPathResult.ORDERED_NODE_SNAPSHOT_TYPE, null).</arg>
<arg>snapshotItem(0).click();</arg>
</arguments>
<msg timestamp="20220526 22:16:24.242" level="INFO">Executing JavaScript:
document.evaluate("//button[@class='btn']",document, null, XPathResult.ORDERED_NODE_SNAPSHOT_TYPE, null).snapshotItem(0).click();
Without any arguments.</msg>
<status status="PASS" starttime="20220526 22:16:24.241" endtime="20220526 22:16:24.250"></status>
</kw>
<status status="PASS" starttime="20220526 22:16:24.241" endtime="20220526 22:16:24.250"></status>
</kw>
<kw name="Verify Home Page Penanggung Jawab is open" library="login">
<kw name="Wait Until Element Is Visible" library="SeleniumLibrary">
<doc>Waits until element ``locator`` is visible.</doc>
<arguments>
<arg>${Verify_Profile}</arg>
<arg>timeout=30s</arg>
</arguments>
<status status="PASS" starttime="20220526 22:16:24.250" endtime="20220526 22:16:26.318"></status>
</kw>
<kw name="Page Should Contain Element" library="SeleniumLibrary">
<doc>Verifies that element ``locator`` is found on the current page.</doc>
<arguments>
<arg>${Verify_Profile}</arg>
</arguments>
<msg timestamp="20220526 22:16:26.324" level="INFO">Current page contains element 'css= .profile-button'.</msg>
<status status="PASS" starttime="20220526 22:16:26.318" endtime="20220526 22:16:26.324"></status>
</kw>
<status status="PASS" starttime="20220526 22:16:24.250" endtime="20220526 22:16:26.324"></status>
</kw>
<status status="PASS" starttime="20220526 22:15:50.544" endtime="20220526 22:16:26.324"></status>
</kw>
<kw name="Scenario 2: User mengklik sidebar menu kegiatan">
<kw name="Click Menu Kegiatan" library="kegiatan">
<kw name="Wait Until Element Is Visible" library="SeleniumLibrary">
<doc>Waits until element ``locator`` is visible.</doc>
<arguments>
<arg>${menuKegiatan}</arg>
<arg>timeout=30s</arg>
</arguments>
<status status="PASS" starttime="20220526 22:16:26.326" endtime="20220526 22:16:28.544"></status>
</kw>
<kw name="Click Element" library="SeleniumLibrary">
<doc>Click element identified by ``locator``.</doc>
<arguments>
<arg>${menuKegiatan}</arg>
</arguments>
<msg timestamp="20220526 22:16:28.545" level="INFO">Clicking element '//a[contains(.,'Kegiatan')]'.</msg>
<status status="PASS" starttime="20220526 22:16:28.544" endtime="20220526 22:16:28.596"></status>
</kw>
<status status="PASS" starttime="20220526 22:16:26.325" endtime="20220526 22:16:28.596"></status>
</kw>
<kw name="Verify Page Kegiatan" library="kegiatan">
<kw name="Wait Until Element Is Visible" library="SeleniumLibrary">
<doc>Waits until element ``locator`` is visible.</doc>
<arguments>
<arg>${verifyKegiatan}</arg>
<arg>timeout=30s</arg>
</arguments>
<status status="PASS" starttime="20220526 22:16:28.598" endtime="20220526 22:16:30.468"></status>
</kw>
<kw name="Page Should Contain Element" library="SeleniumLibrary">
<doc>Verifies that element ``locator`` is found on the current page.</doc>
<arguments>
<arg>${verifyKegiatan}</arg>
</arguments>
<msg timestamp="20220526 22:16:30.474" level="INFO">Current page contains element '//label[@class='title-header']'.</msg>
<status status="PASS" starttime="20220526 22:16:30.468" endtime="20220526 22:16:30.474"></status>
</kw>
<status status="PASS" starttime="20220526 22:16:28.597" endtime="20220526 22:16:30.474"></status>
</kw>
<status status="PASS" starttime="20220526 22:16:26.325" endtime="20220526 22:16:30.474"></status>
</kw>
<kw name="Scenario 16: User melakukan Filter data by Tahun">
<kw name="Filter by Tahun" library="kegiatan">
<kw name="Wait Until Element Is Visible" library="SeleniumLibrary">
<doc>Waits until element ``locator`` is visible.</doc>
<arguments>
<arg>${filterTahun}</arg>
<arg>timeout=30s</arg>
</arguments>
<status status="PASS" starttime="20220526 22:16:30.475" endtime="20220526 22:16:33.847"></status>
</kw>
<kw name="Click Element" library="SeleniumLibrary">
<doc>Click element identified by ``locator``.</doc>
<arguments>
<arg>${filterTahun}</arg>
</arguments>
<msg timestamp="20220526 22:16:33.848" level="INFO">Clicking element '//button[.='Semua Tahun']'.</msg>
<status status="PASS" starttime="20220526 22:16:33.847" endtime="20220526 22:16:33.903"></status>
</kw>
<kw name="Click Element" library="SeleniumLibrary">
<doc>Click element identified by ``locator``.</doc>
<arguments>
<arg>${pilihTahun}</arg>
</arguments>
<msg timestamp="20220526 22:16:33.904" level="INFO">Clicking element '//label[.='AWP Tahun 2022']'.</msg>
<status status="PASS" starttime="20220526 22:16:33.904" endtime="20220526 22:16:33.979"></status>
</kw>
<status status="PASS" starttime="20220526 22:16:30.475" endtime="20220526 22:16:33.979"></status>
</kw>
<status status="PASS" starttime="20220526 22:16:30.475" endtime="20220526 22:16:33.979"></status>
</kw>
<kw name="Scenario 3: User melakukan pencarian dengan data tidak sesuai">
<kw name="Search Pencarian No Data" library="kegiatan">
<kw name="Wait Until Element Is Visible" library="SeleniumLibrary">
<doc>Waits until element ``locator`` is visible.</doc>
<arguments>
<arg>${inputCari}</arg>
</arguments>
<status status="PASS" starttime="20220526 22:16:33.981" endtime="20220526 22:16:34.005"></status>
</kw>
<kw name="Input Text" library="SeleniumLibrary">
<doc>Types the given ``text`` into text field identified by ``locator``.</doc>
<arguments>
<arg>${inputCari}</arg>
<arg>testing123</arg>
</arguments>
<msg timestamp="20220526 22:16:34.005" level="INFO">Typing text 'testing123' into text field '//input[contains(@class,'form-control ng-untouched')]'.</msg>
<status status="PASS" starttime="20220526 22:16:34.005" endtime="20220526 22:16:34.104"></status>
</kw>
<status status="PASS" starttime="20220526 22:16:33.980" endtime="20220526 22:16:34.104"></status>
</kw>
<kw name="Click Button Cari" library="kegiatan">
<kw name="Click Element" library="SeleniumLibrary">
<doc>Click element identified by ``locator``.</doc>
<arguments>
<arg>${btnCari}</arg>
</arguments>
<msg timestamp="20220526 22:16:34.105" level="INFO">Clicking element '//button[text()='Cari']'.</msg>
<status status="PASS" starttime="20220526 22:16:34.104" endtime="20220526 22:16:34.153"></status>
</kw>
<status status="PASS" starttime="20220526 22:16:34.104" endtime="20220526 22:16:34.153"></status>
</kw>
<kw name="Verify No Data" library="kegiatan">
<kw name="Wait Until Element Is Visible" library="SeleniumLibrary">
<doc>Waits until element ``locator`` is visible.</doc>
<arguments>
<arg>${noData}</arg>
</arguments>
<status status="PASS" starttime="20220526 22:16:34.153" endtime="20220526 22:16:34.632"></status>
</kw>
<kw name="Page Should Contain Element" library="SeleniumLibrary">
<doc>Verifies that element ``locator`` is found on the current page.</doc>
<arguments>
<arg>${noData}</arg>
</arguments>
<msg timestamp="20220526 22:16:34.639" level="INFO">Current page contains element '//td[text()='No data!']'.</msg>
<status status="PASS" starttime="20220526 22:16:34.632" endtime="20220526 22:16:34.640"></status>
</kw>
<status status="PASS" starttime="20220526 22:16:34.153" endtime="20220526 22:16:34.640"></status>
</kw>
<status status="PASS" starttime="20220526 22:16:33.980" endtime="20220526 22:16:34.640"></status>
</kw>
<kw name="Scenario 4: User melakukan pencarian data by nama kegiatan">
<kw name="Search Pencarian by Nama Kegiatan" library="kegiatan">
<kw name="Go To" library="SeleniumLibrary">
<doc>Navigates the active browser instance to the provided ``url``.</doc>
<arguments>
<arg>http://pmrms.greatpmo.com/implement/kegiatan</arg>
</arguments>
<msg timestamp="20220526 22:16:34.641" level="INFO">Opening url 'http://pmrms.greatpmo.com/implement/kegiatan'</msg>
<status status="PASS" starttime="20220526 22:16:34.641" endtime="20220526 22:16:35.297"></status>
</kw>
<kw name="Wait Until Element Is Visible" library="SeleniumLibrary">
<doc>Waits until element ``locator`` is visible.</doc>
<arguments>
<arg>${inputCari}</arg>
<arg>timeout=30s</arg>
</arguments>
<status status="PASS" starttime="20220526 22:16:35.297" endtime="20220526 22:16:38.675"></status>
</kw>
<kw name="Input Text" library="SeleniumLibrary">
<doc>Types the given ``text`` into text field identified by ``locator``.</doc>
<arguments>
<arg>${inputCari}</arg>
<arg>Automation Testing</arg>
</arguments>
<msg timestamp="20220526 22:16:38.675" level="INFO">Typing text 'Automation Testing' into text field '//input[contains(@class,'form-control ng-untouched')]'.</msg>
<status status="PASS" starttime="20220526 22:16:38.675" endtime="20220526 22:16:38.767"></status>
</kw>
<status status="PASS" starttime="20220526 22:16:34.641" endtime="20220526 22:16:38.767"></status>
</kw>
<kw name="Click Button Cari" library="kegiatan">
<kw name="Click Element" library="SeleniumLibrary">
<doc>Click element identified by ``locator``.</doc>
<arguments>
<arg>${btnCari}</arg>
</arguments>
<msg timestamp="20220526 22:16:38.768" level="INFO">Clicking element '//button[text()='Cari']'.</msg>
<status status="PASS" starttime="20220526 22:16:38.768" endtime="20220526 22:16:38.815"></status>
</kw>
<status status="PASS" starttime="20220526 22:16:38.767" endtime="20220526 22:16:38.815"></status>
</kw>
<status status="PASS" starttime="20220526 22:16:34.640" endtime="20220526 22:16:38.815"></status>
</kw>
<kw name="Scenario 5: User Mengklik Sorting Status">
<kw name="Click Sorting Status" library="kegiatan">
<kw name="Click Element" library="SeleniumLibrary">
<doc>Click element identified by ``locator``.</doc>
<arguments>
<arg>${sorting}</arg>
</arguments>
<msg timestamp="20220526 22:16:38.816" level="INFO">Clicking element '//th[text()='Status']'.</msg>
<status status="PASS" starttime="20220526 22:16:38.816" endtime="20220526 22:16:38.872"></status>
</kw>
<status status="PASS" starttime="20220526 22:16:38.816" endtime="20220526 22:16:38.872"></status>
</kw>
<status status="PASS" starttime="20220526 22:16:38.816" endtime="20220526 22:16:38.872"></status>
</kw>
<kw name="Scenario 6: Konsultan Melakukan Implementasi Kegiatan">
<kw name="Click Button Lihat Kegiatan New" library="kegiatan">
<kw name="Sleep" library="BuiltIn">
<doc>Pauses the test executed for the given time.</doc>
<arguments>
<arg>3s</arg>
</arguments>
<msg timestamp="20220526 22:16:41.881" level="INFO">Slept 3 seconds</msg>
<status status="PASS" starttime="20220526 22:16:38.873" endtime="20220526 22:16:41.883"></status>
</kw>
<kw name="Wait Until Element Is Visible" library="SeleniumLibrary">
<doc>Waits until element ``locator`` is visible.</doc>
<arguments>
<arg>${btnLihatDetailNew}</arg>
<arg>timeout=30s</arg>
</arguments>
<kw name="Capture Page Screenshot" library="SeleniumLibrary">
<doc>Takes screenshot of the current page and embeds it into log file.</doc>
<msg timestamp="20220526 22:17:03.634" level="FAIL">NoSuchWindowException: Message: no such window: target window already closed
from unknown error: web view not found
  (Session info: chrome=101.0.4951.67)
</msg>
<status status="FAIL" starttime="20220526 22:17:03.624" endtime="20220526 22:17:03.634"></status>
</kw>
<msg timestamp="20220526 22:17:03.634" level="WARN">Keyword 'Capture Page Screenshot' could not be run on failure: NoSuchWindowException: Message: no such window: target window already closed
from unknown error: web view not found
  (Session info: chrome=101.0.4951.67)
</msg>
<msg timestamp="20220526 22:17:03.650" level="FAIL">NoSuchWindowException: Message: no such window: target window already closed
from unknown error: web view not found
  (Session info: chrome=101.0.4951.67)
</msg>
<status status="FAIL" starttime="20220526 22:16:41.884" endtime="20220526 22:17:03.650"></status>
</kw>
<status status="FAIL" starttime="20220526 22:16:38.873" endtime="20220526 22:17:03.650"></status>
</kw>
<status status="FAIL" starttime="20220526 22:16:38.873" endtime="20220526 22:17:03.651"></status>
</kw>
<kw name="Finish Testcase" library="browser" type="teardown">
<kw name="Close Browser" library="SeleniumLibrary">
<doc>Closes the current browser.</doc>
<status status="PASS" starttime="20220526 22:17:03.652" endtime="20220526 22:17:05.718"></status>
</kw>
<status status="PASS" starttime="20220526 22:17:03.651" endtime="20220526 22:17:05.719"></status>
</kw>
<doc>Regression Menu Kegiatan</doc>
<tags>
<tag>Functionality</tag>
</tags>
<status status="FAIL" starttime="20220526 22:15:50.544" endtime="20220526 22:17:05.720" critical="yes">NoSuchWindowException: Message: no such window: target window already closed
from unknown error: web view not found
  (Session info: chrome=101.0.4951.67)
</status>
</test>
<doc>Regression Test Menu Kegiatan</doc>
<status status="FAIL" starttime="20220526 22:15:50.327" endtime="20220526 22:17:05.723"></status>
</suite>
<statistics>
<total>
<stat pass="0" fail="1">Critical Tests</stat>
<stat pass="0" fail="1">All Tests</stat>
</total>
<tag>
<stat pass="0" fail="1">Functionality</stat>
</tag>
<suite>
<stat pass="0" fail="1" id="s1" name="15 Kegiatan">15 Kegiatan</stat>
</suite>
</statistics>
<errors>
<msg timestamp="20220526 22:17:03.634" level="WARN">Keyword 'Capture Page Screenshot' could not be run on failure: NoSuchWindowException: Message: no such window: target window already closed
from unknown error: web view not found
  (Session info: chrome=101.0.4951.67)
</msg>
</errors>
</robot>
